{
  "stats": {
    "suites": 1,
    "tests": 1,
    "passes": 1,
    "pending": 0,
    "failures": 0,
    "start": "2022-01-20T08:41:39.654Z",
    "end": "2022-01-20T08:41:55.258Z",
    "duration": 15604,
    "testsRegistered": 1,
    "passPercent": 100,
    "pendingPercent": 0,
    "other": 0,
    "hasOther": false,
    "skipped": 0,
    "hasSkipped": false
  },
  "results": [
    {
      "uuid": "5a2aee6b-e0ec-4e85-bc9d-9cbc82116921",
      "title": "",
      "fullFile": "cypress/integration/examples/homePageValidation.spec.js",
      "file": "cypress/integration/examples/homePageValidation.spec.js",
      "beforeHooks": [],
      "afterHooks": [],
      "tests": [],
      "suites": [
        {
          "uuid": "cc64edcb-289f-4881-a01e-ef27d0b7279b",
          "title": "HomePage Validation",
          "fullFile": "",
          "file": "",
          "beforeHooks": [],
          "afterHooks": [],
          "tests": [
            {
              "title": "Validate elements on home page",
              "fullTitle": "HomePage Validation Validate elements on home page",
              "timedOut": null,
              "duration": 15503,
              "state": "passed",
              "speed": "slow",
              "pass": true,
              "fail": false,
              "pending": false,
              "context": null,
              "code": "_index.homePage.verifyPlatformMenu();\n_index.homePage.verifySolutionMenu();",
              "err": {},
              "uuid": "8bda2c0f-15a4-4c07-b351-39e353bda521",
              "parentUUID": "cc64edcb-289f-4881-a01e-ef27d0b7279b",
              "isHook": false,
              "skipped": false
            }
          ],
          "suites": [],
          "passes": [
            "8bda2c0f-15a4-4c07-b351-39e353bda521"
          ],
          "failures": [],
          "pending": [],
          "skipped": [],
          "duration": 15503,
          "root": false,
          "rootEmpty": false,
          "_timeout": 2000
        }
      ],
      "passes": [],
      "failures": [],
      "pending": [],
      "skipped": [],
      "duration": 0,
      "root": true,
      "rootEmpty": true,
      "_timeout": 2000
    }
  ],
  "meta": {
    "mocha": {
      "version": "7.0.1"
    },
    "mochawesome": {
      "options": {
        "quiet": false,
        "reportFilename": "mochawesome",
        "saveHtml": false,
        "saveJson": true,
        "consoleReporter": "spec",
        "useInlineDiffs": false,
        "code": true
      },
      "version": "6.3.1"
    },
    "marge": {
      "options": {
        "id": "default",
        "reportDir": "cypress/reports/.jsons",
        "charts": true,
        "reportPageTitle": "My Test Suite",
        "embeddedScreenshots": true,
        "inlineAssets": true,
        "overwrite": false,
        "html": false,
        "json": true
      },
      "version": "5.2.0"
    }
  }
}