{
  "stats": {
    "suites": 1,
    "tests": 1,
    "passes": 0,
    "pending": 0,
    "failures": 1,
    "start": "2022-01-19T10:17:42.962Z",
    "end": "2022-01-19T10:19:03.790Z",
    "duration": 80828,
    "testsRegistered": 1,
    "passPercent": 0,
    "pendingPercent": 0,
    "other": 0,
    "hasOther": false,
    "skipped": 0,
    "hasSkipped": false
  },
  "results": [
    {
      "uuid": "4cafc61c-38e4-4449-9ec5-7736d5dd777c",
      "title": "",
      "fullFile": "cypress/integration/examples/homePageValidation.spec.js",
      "file": "cypress/integration/examples/homePageValidation.spec.js",
      "beforeHooks": [],
      "afterHooks": [],
      "tests": [],
      "suites": [
        {
          "uuid": "8aa94390-026e-4c3b-bfac-7e1c8407b132",
          "title": "HomePage Validation",
          "fullFile": "",
          "file": "",
          "beforeHooks": [],
          "afterHooks": [],
          "tests": [
            {
              "title": "Validate elements on home page",
              "fullTitle": "HomePage Validation Validate elements on home page",
              "timedOut": null,
              "duration": 63770,
              "state": "failed",
              "speed": null,
              "pass": false,
              "fail": true,
              "pending": false,
              "context": null,
              "code": "_index.homePage.verifyPlatformMenu();\n_index.homePage.verifySolutionMenu();",
              "err": {
                "message": "CypressError: Timed out after waiting `60000ms` for your remote page to load.\n\nYour page did not fire its `load` event within `60000ms`.\n\nYou can try increasing the `pageLoadTimeout` value in `cypress.json` to wait longer.\n\nBrowsers will not fire the `load` event until all stylesheets and scripts are done downloading.\n\nWhen this `load` event occurs, Cypress will continue running commands.",
                "estack": "CypressError: Timed out after waiting `60000ms` for your remote page to load.\n\nYour page did not fire its `load` event within `60000ms`.\n\nYou can try increasing the `pageLoadTimeout` value in `cypress.json` to wait longer.\n\nBrowsers will not fire the `load` event until all stylesheets and scripts are done downloading.\n\nWhen this `load` event occurs, Cypress will continue running commands.\n    at timedOutWaitingForPageLoad (https://www.usertesting.com/__cypress/runner/cypress_runner.js:158187:13)\n    at https://www.usertesting.com/__cypress/runner/cypress_runner.js:158452:14\n    at tryCatcher (https://www.usertesting.com/__cypress/runner/cypress_runner.js:10765:23)\n    at https://www.usertesting.com/__cypress/runner/cypress_runner.js:5887:41\n    at tryCatcher (https://www.usertesting.com/__cypress/runner/cypress_runner.js:10765:23)\n    at Promise._settlePromiseFromHandler (https://www.usertesting.com/__cypress/runner/cypress_runner.js:8700:31)\n    at Promise._settlePromise (https://www.usertesting.com/__cypress/runner/cypress_runner.js:8757:18)\n    at Promise._settlePromise0 (https://www.usertesting.com/__cypress/runner/cypress_runner.js:8802:10)\n    at Promise._settlePromises (https://www.usertesting.com/__cypress/runner/cypress_runner.js:8878:18)\n    at _drainQueueStep (https://www.usertesting.com/__cypress/runner/cypress_runner.js:5472:12)\n    at _drainQueue (https://www.usertesting.com/__cypress/runner/cypress_runner.js:5465:9)\n    at Async.../../node_modules/bluebird/js/release/async.js.Async._drainQueues (https://www.usertesting.com/__cypress/runner/cypress_runner.js:5481:5)\n    at Async.drainQueues (https://www.usertesting.com/__cypress/runner/cypress_runner.js:5351:14)\nFrom Your Spec Code:\n    at Function.verifyPlatformMenu (https://www.usertesting.com/__cypress/tests?p=cypress/integration/examples/homePageValidation.spec.js:241:32)\n    at Context.eval (https://www.usertesting.com/__cypress/tests?p=cypress/integration/examples/homePageValidation.spec.js:175:21)",
                "diff": null
              },
              "uuid": "e1ec7f21-0b61-4473-8854-fb352ec142a5",
              "parentUUID": "8aa94390-026e-4c3b-bfac-7e1c8407b132",
              "isHook": false,
              "skipped": false
            }
          ],
          "suites": [],
          "passes": [],
          "failures": [
            "e1ec7f21-0b61-4473-8854-fb352ec142a5"
          ],
          "pending": [],
          "skipped": [],
          "duration": 63770,
          "root": false,
          "rootEmpty": false,
          "_timeout": 2000
        }
      ],
      "passes": [],
      "failures": [],
      "pending": [],
      "skipped": [],
      "duration": 0,
      "root": true,
      "rootEmpty": true,
      "_timeout": 2000
    }
  ],
  "meta": {
    "mocha": {
      "version": "7.0.1"
    },
    "mochawesome": {
      "options": {
        "quiet": false,
        "reportFilename": "mochawesome",
        "saveHtml": false,
        "saveJson": true,
        "consoleReporter": "spec",
        "useInlineDiffs": false,
        "code": true
      },
      "version": "6.3.1"
    },
    "marge": {
      "options": {
        "id": "default",
        "reportDir": "cypress/reports/.jsons",
        "charts": true,
        "reportPageTitle": "My Test Suite",
        "embeddedScreenshots": true,
        "inlineAssets": true,
        "overwrite": false,
        "html": false,
        "json": true
      },
      "version": "5.2.0"
    }
  }
}