{
  "stats": {
    "suites": 1,
    "tests": 1,
    "passes": 1,
    "pending": 0,
    "failures": 0,
    "start": "2022-01-20T11:42:40.584Z",
    "end": "2022-01-20T11:42:50.789Z",
    "duration": 10205,
    "testsRegistered": 1,
    "passPercent": 100,
    "pendingPercent": 0,
    "other": 0,
    "hasOther": false,
    "skipped": 0,
    "hasSkipped": false
  },
  "results": [
    {
      "uuid": "3667c95e-9050-41a4-b27b-497ecddeb43b",
      "title": "",
      "fullFile": "cypress/integration/examples/session.spec.js",
      "file": "cypress/integration/examples/session.spec.js",
      "beforeHooks": [],
      "afterHooks": [],
      "tests": [],
      "suites": [
        {
          "uuid": "d131f9b3-b526-4f1f-942a-98b3088eca54",
          "title": "Login Validation",
          "fullFile": "",
          "file": "",
          "beforeHooks": [],
          "afterHooks": [],
          "tests": [
            {
              "title": "Login with in-valid credentials",
              "fullTitle": "Login Validation Login with in-valid credentials",
              "timedOut": null,
              "duration": 9897,
              "state": "passed",
              "speed": "slow",
              "pass": true,
              "fail": false,
              "pending": false,
              "context": null,
              "code": "cy.get(LogInButton).contains('Log in').should('be.visible').click();\ncy.url().should('include', '/users/sign_in');\ncy.intercept('POST', '/users/sign_in').as('LoginApi');\n_index.LoginPage.loginWith(credentials.email, credentials.pass);\ncy.wait('@LoginApi').its('response.statusCode').should('eq', 200);\n_index.LoginPage.verifyErrorMessage();",
              "err": {},
              "uuid": "288907f4-e163-4520-a591-b04d6407ca62",
              "parentUUID": "d131f9b3-b526-4f1f-942a-98b3088eca54",
              "isHook": false,
              "skipped": false
            }
          ],
          "suites": [],
          "passes": [
            "288907f4-e163-4520-a591-b04d6407ca62"
          ],
          "failures": [],
          "pending": [],
          "skipped": [],
          "duration": 9897,
          "root": false,
          "rootEmpty": false,
          "_timeout": 2000
        }
      ],
      "passes": [],
      "failures": [],
      "pending": [],
      "skipped": [],
      "duration": 0,
      "root": true,
      "rootEmpty": true,
      "_timeout": 2000
    }
  ],
  "meta": {
    "mocha": {
      "version": "7.0.1"
    },
    "mochawesome": {
      "options": {
        "quiet": false,
        "reportFilename": "mochawesome",
        "saveHtml": false,
        "saveJson": true,
        "consoleReporter": "spec",
        "useInlineDiffs": false,
        "code": true
      },
      "version": "6.3.1"
    },
    "marge": {
      "options": {
        "id": "default",
        "reportDir": "cypress/reports/.jsons",
        "charts": true,
        "reportPageTitle": "My Test Suite",
        "embeddedScreenshots": true,
        "inlineAssets": true,
        "overwrite": false,
        "html": false,
        "json": true
      },
      "version": "5.2.0"
    }
  }
}